# JRE version: Java(TM) SE Runtime Environment (8.0_161-b12) (build 1.8.0_161-b12)
# Java VM: Java HotSpot(TM) Client VM (25.161-b12 mixed mode windows-x86 )
Heap:
 def new generation   total 4928K, used 1210K [0x03c00000, 0x04150000, 0x09150000)
  eden space 4416K,  27% used [0x03c00000, 0x03d2e578, 0x04050000)
  from space 512K,   0% used [0x04050000, 0x040502e8, 0x040d0000)
  to   space 512K,   0% used [0x040d0000, 0x040d0000, 0x04150000)
 tenured generation   total 10944K, used 9687K [0x09150000, 0x09c00000, 0x13c00000)
   the space 10944K,  88% used [0x09150000, 0x09ac5f00, 0x09ac6000, 0x09c00000)
 Metaspace       used 6330K, capacity 6517K, committed 6656K, reserved 7552K
GC Heap History (10 events):
Event: 311.327 GC heap before
{Heap before GC invocations=195 (full 0):
 def new generation   total 4928K, used 4416K [0x03c00000, 0x04150000, 0x09150000)
  eden space 4416K, 100% used [0x03c00000, 0x04050000, 0x04050000)
  from space 512K,   0% used [0x040d0000, 0x040d02a8, 0x04150000)
  to   space 512K,   0% used [0x04050000, 0x04050000, 0x040d0000)
 tenured generation   total 10944K, used 9687K [0x09150000, 0x09c00000, 0x13c00000)
   the space 10944K,  88% used [0x09150000, 0x09ac5f00, 0x09ac6000, 0x09c00000)
 Metaspace       used 6329K, capacity 6517K, committed 6656K, reserved 7552K
Event: 311.327 GC heap after
Heap after GC invocations=196 (full 0):
 def new generation   total 4928K, used 0K [0x03c00000, 0x04150000, 0x09150000)
  eden space 4416K,   0% used [0x03c00000, 0x03c00000, 0x04050000)
  from space 512K,   0% used [0x04050000, 0x040502a8, 0x040d0000)
  to   space 512K,   0% used [0x040d0000, 0x040d0000, 0x04150000)
 tenured generation   total 10944K, used 9687K [0x09150000, 0x09c00000, 0x13c00000)
   the space 10944K,  88% used [0x09150000, 0x09ac5f00, 0x09ac6000, 0x09c00000)
 Metaspace       used 6329K, capacity 6517K, committed 6656K, reserved 7552K
}
Event: 312.573 GC heap before
{Heap before GC invocations=196 (full 0):
 def new generation   total 4928K, used 4416K [0x03c00000, 0x04150000, 0x09150000)
  eden space 4416K, 100% used [0x03c00000, 0x04050000, 0x04050000)
  from space 512K,   0% used [0x04050000, 0x040502a8, 0x040d0000)
  to   space 512K,   0% used [0x040d0000, 0x040d0000, 0x04150000)
 tenured generation   total 10944K, used 9687K [0x09150000, 0x09c00000, 0x13c00000)
   the space 10944K,  88% used [0x09150000, 0x09ac5f00, 0x09ac6000, 0x09c00000)
 Metaspace       used 6329K, capacity 6517K, committed 6656K, reserved 7552K
Event: 312.573 GC heap after
Heap after GC invocations=197 (full 0):
 def new generation   total 4928K, used 0K [0x03c00000, 0x04150000, 0x09150000)
  eden space 4416K,   0% used [0x03c00000, 0x03c00000, 0x04050000)
  from space 512K,   0% used [0x040d0000, 0x040d02d0, 0x04150000)
  to   space 512K,   0% used [0x04050000, 0x04050000, 0x040d0000)
 tenured generation   total 10944K, used 9687K [0x09150000, 0x09c00000, 0x13c00000)
   the space 10944K,  88% used [0x09150000, 0x09ac5f00, 0x09ac6000, 0x09c00000)
 Metaspace       used 6329K, capacity 6517K, committed 6656K, reserved 7552K
}
Event: 313.864 GC heap before
{Heap before GC invocations=197 (full 0):
 def new generation   total 4928K, used 4416K [0x03c00000, 0x04150000, 0x09150000)
  eden space 4416K, 100% used [0x03c00000, 0x04050000, 0x04050000)
  from space 512K,   0% used [0x040d0000, 0x040d02d0, 0x04150000)
  to   space 512K,   0% used [0x04050000, 0x04050000, 0x040d0000)
 tenured generation   total 10944K, used 9687K [0x09150000, 0x09c00000, 0x13c00000)
   the space 10944K,  88% used [0x09150000, 0x09ac5f00, 0x09ac6000, 0x09c00000)
 Metaspace       used 6329K, capacity 6517K, committed 6656K, reserved 7552K
Event: 313.865 GC heap after
Heap after GC invocations=198 (full 0):
 def new generation   total 4928K, used 0K [0x03c00000, 0x04150000, 0x09150000)
  eden space 4416K,   0% used [0x03c00000, 0x03c00000, 0x04050000)
  from space 512K,   0% used [0x04050000, 0x04050280, 0x040d0000)
  to   space 512K,   0% used [0x040d0000, 0x040d0000, 0x04150000)
 tenured generation   total 10944K, used 9687K [0x09150000, 0x09c00000, 0x13c00000)
   the space 10944K,  88% used [0x09150000, 0x09ac5f00, 0x09ac6000, 0x09c00000)
 Metaspace       used 6329K, capacity 6517K, committed 6656K, reserved 7552K
}
Event: 315.357 GC heap before
{Heap before GC invocations=198 (full 0):
 def new generation   total 4928K, used 4416K [0x03c00000, 0x04150000, 0x09150000)
  eden space 4416K, 100% used [0x03c00000, 0x04050000, 0x04050000)
  from space 512K,   0% used [0x04050000, 0x04050280, 0x040d0000)
  to   space 512K,   0% used [0x040d0000, 0x040d0000, 0x04150000)
 tenured generation   total 10944K, used 9687K [0x09150000, 0x09c00000, 0x13c00000)
   the space 10944K,  88% used [0x09150000, 0x09ac5f00, 0x09ac6000, 0x09c00000)
 Metaspace       used 6329K, capacity 6517K, committed 6656K, reserved 7552K
Event: 315.358 GC heap after
Heap after GC invocations=199 (full 0):
 def new generation   total 4928K, used 0K [0x03c00000, 0x04150000, 0x09150000)
  eden space 4416K,   0% used [0x03c00000, 0x03c00000, 0x04050000)
  from space 512K,   0% used [0x040d0000, 0x040d02d0, 0x04150000)
  to   space 512K,   0% used [0x04050000, 0x04050000, 0x040d0000)
 tenured generation   total 10944K, used 9687K [0x09150000, 0x09c00000, 0x13c00000)
   the space 10944K,  88% used [0x09150000, 0x09ac5f00, 0x09ac6000, 0x09c00000)
 Metaspace       used 6329K, capacity 6517K, committed 6656K, reserved 7552K
}
Event: 316.617 GC heap before
{Heap before GC invocations=199 (full 0):
 def new generation   total 4928K, used 4416K [0x03c00000, 0x04150000, 0x09150000)
  eden space 4416K, 100% used [0x03c00000, 0x04050000, 0x04050000)
  from space 512K,   0% used [0x040d0000, 0x040d02d0, 0x04150000)
  to   space 512K,   0% used [0x04050000, 0x04050000, 0x040d0000)
 tenured generation   total 10944K, used 9687K [0x09150000, 0x09c00000, 0x13c00000)
   the space 10944K,  88% used [0x09150000, 0x09ac5f00, 0x09ac6000, 0x09c00000)
 Metaspace       used 6329K, capacity 6517K, committed 6656K, reserved 7552K
Event: 316.617 GC heap after
Heap after GC invocations=200 (full 0):
 def new generation   total 4928K, used 0K [0x03c00000, 0x04150000, 0x09150000)
  eden space 4416K,   0% used [0x03c00000, 0x03c00000, 0x04050000)
  from space 512K,   0% used [0x04050000, 0x040502e8, 0x040d0000)
  to   space 512K,   0% used [0x040d0000, 0x040d0000, 0x04150000)
 tenured generation   total 10944K, used 9687K [0x09150000, 0x09c00000, 0x13c00000)
   the space 10944K,  88% used [0x09150000, 0x09ac5f00, 0x09ac6000, 0x09c00000)
 Metaspace       used 6329K, capacity 6517K, committed 6656K, reserved 7552K
}

